21:59:19 **** Rebuild of configuration Debug for project 16.02.10 Distance Sensor Tester Code ****
Info: Internal Builder is used for build
arm-frc-linux-gnueabi-g++ -std=c++1y "-IC:\\Users\\gsera/wpilib/cpp/current/include" "-IC:\\Users\\gsera\\Desktop\\FYRE-Programming-2015-2016\\New folder\\16.02.10 Distance Sensor Tester Code\\src" -O0 -g3 -Wall -c -fmessage-length=0 -o "src\\Robot.o" "..\\src\\Robot.cpp" 
arm-frc-linux-gnueabi-g++ "-LC:\\Users\\gsera/wpilib/cpp/current/lib" -Wl,-rpath,/opt/GenICam_v2_3/bin/Linux_armv7-a,-rpath,/usr/local/frc/rpath-lib -o FRCUserProgram "src\\Robot.o" -lwpi 
22:00:27 **** Rebuild of configuration Debug for project 16.02.10 Distance Sensor Tester Code ****
Info: Internal Builder is used for build
arm-frc-linux-gnueabi-g++ -std=c++1y "-IC:\\Users\\gsera/wpilib/cpp/current/include" "-IC:\\Users\\gsera\\Desktop\\FYRE-Programming-2015-2016\\New folder\\16.02.10 Distance Sensor Tester Code\\src" -O0 -g3 -Wall -c -fmessage-length=0 -o "src\\Robot.o" "..\\src\\Robot.cpp" 
..\src\Robot.cpp: In member function 'void Robot::ReadDistance()':
..\src\Robot.cpp:154:8: warning: unused variable 'buff' [-Wunused-variable]
   byte buff[TO_READ];
        ^
arm-frc-linux-gnueabi-g++ "-LC:\\Users\\gsera/wpilib/cpp/current/lib" -Wl,-rpath,/opt/GenICam_v2_3/bin/Linux_armv7-a,-rpath,/usr/local/frc/rpath-lib -o FRCUserProgram "src\\Robot.o" -lwpi 
18:35:35 **** Incremental Build of configuration Debug for project 16.02.10 Distance Sensor Tester Code ****
Info: Internal Builder is used for build
arm-frc-linux-gnueabi-g++ -std=c++1y "-IC:\\Users\\gsera/wpilib/cpp/current/include" "-IC:\\Users\\gsera\\Desktop\\FYRE-Programming-2015-2016\\eclipseWorkspace\\16.02.10 Distance Sensor Tester Code\\src" -O0 -g3 -Wall -c -fmessage-length=0 -o "src\\Robot.o" "..\\src\\Robot.cpp" 
..\src\Robot.cpp: In member function 'void Robot::ReadDistance()':
..\src\Robot.cpp:154:8: warning: unused variable 'buff' [-Wunused-variable]
   byte buff[TO_READ];
        ^
arm-frc-linux-gnueabi-g++ "-LC:\\Users\\gsera/wpilib/cpp/current/lib" -Wl,-rpath,/opt/GenICam_v2_3/bin/Linux_armv7-a,-rpath,/usr/local/frc/rpath-lib -o FRCUserProgram "src\\Robot.o" -lwpi 
